2022-08-09 18:33:44.908  INFO 20100 --- [restartedMain] c.t.application.TweetappApplication      : Starting TweetappApplication using Java 16.0.1 on LAPTOP-0SA1L5L1 with PID 20100 (C:\Users\Gouru Ganesh\Desktop\Component2\tweetapp\target\classes started by Gouru Ganesh in C:\Users\Gouru Ganesh\Desktop\Component2\tweetapp)
2022-08-09 18:33:44.916  INFO 20100 --- [restartedMain] c.t.application.TweetappApplication      : No active profile set, falling back to 1 default profile: "default"
2022-08-09 18:33:45.235  INFO 20100 --- [restartedMain] .e.DevToolsPropertyDefaultsPostProcessor : Devtools property defaults active! Set 'spring.devtools.add-properties' to 'false' to disable
2022-08-09 18:33:45.237  INFO 20100 --- [restartedMain] .e.DevToolsPropertyDefaultsPostProcessor : For additional web related logging consider setting the 'logging.level.web' property to 'DEBUG'
2022-08-09 18:33:47.926  INFO 20100 --- [restartedMain] .s.d.r.c.RepositoryConfigurationDelegate : Bootstrapping Spring Data MongoDB repositories in DEFAULT mode.
2022-08-09 18:33:48.204  INFO 20100 --- [restartedMain] .s.d.r.c.RepositoryConfigurationDelegate : Finished Spring Data repository scanning in 248 ms. Found 4 MongoDB repository interfaces.
2022-08-09 18:33:52.897  INFO 20100 --- [restartedMain] o.s.b.w.embedded.tomcat.TomcatWebServer  : Tomcat initialized with port(s): 8080 (http)
2022-08-09 18:33:52.983  INFO 20100 --- [restartedMain] o.apache.catalina.core.StandardService   : Starting service [Tomcat]
2022-08-09 18:33:52.986  INFO 20100 --- [restartedMain] org.apache.catalina.core.StandardEngine  : Starting Servlet engine: [Apache Tomcat/9.0.64]
2022-08-09 18:33:53.432  INFO 20100 --- [restartedMain] o.a.c.c.C.[Tomcat].[localhost].[/]       : Initializing Spring embedded WebApplicationContext
2022-08-09 18:33:53.436  INFO 20100 --- [restartedMain] w.s.c.ServletWebServerApplicationContext : Root WebApplicationContext: initialization completed in 8174 ms
2022-08-09 18:33:53.777  INFO 20100 --- [restartedMain] o.s.aop.framework.CglibAopProxy          : Unable to proxy interface-implementing method [public final void org.springframework.web.filter.OncePerRequestFilter.doFilter(javax.servlet.ServletRequest,javax.servlet.ServletResponse,javax.servlet.FilterChain) throws javax.servlet.ServletException,java.io.IOException] because it is marked as final: Consider using interface-based JDK proxies instead!
2022-08-09 18:33:53.785  INFO 20100 --- [restartedMain] o.s.aop.framework.CglibAopProxy          : Unable to proxy interface-implementing method [public final void org.springframework.web.filter.GenericFilterBean.init(javax.servlet.FilterConfig) throws javax.servlet.ServletException] because it is marked as final: Consider using interface-based JDK proxies instead!
2022-08-09 18:33:55.002  INFO 20100 --- [restartedMain] org.mongodb.driver.cluster               : Adding discovered server cluster0-shard-00-00.xkyvl.mongodb.net:27017 to client view of cluster
2022-08-09 18:33:55.182  INFO 20100 --- [restartedMain] org.mongodb.driver.cluster               : Adding discovered server cluster0-shard-00-01.xkyvl.mongodb.net:27017 to client view of cluster
2022-08-09 18:33:55.188  INFO 20100 --- [restartedMain] org.mongodb.driver.cluster               : Adding discovered server cluster0-shard-00-02.xkyvl.mongodb.net:27017 to client view of cluster
2022-08-09 18:33:55.325  INFO 20100 --- [restartedMain] org.mongodb.driver.client                : MongoClient with metadata {"driver": {"name": "mongo-java-driver|sync|spring-data", "version": "4.6.1"}, "os": {"type": "Windows", "name": "Windows 10", "architecture": "amd64", "version": "10.0"}, "platform": "Java/Oracle Corporation/16.0.1+9-24"} created with settings MongoClientSettings{readPreference=primary, writeConcern=WriteConcern{w=majority, wTimeout=null ms, journal=null}, retryWrites=true, retryReads=true, readConcern=ReadConcern{level=null}, credential=MongoCredential{mechanism=null, userName='ganixx', source='admin', password=<hidden>, mechanismProperties=<hidden>}, streamFactoryFactory=null, commandListeners=[], codecRegistry=ProvidersCodecRegistry{codecProviders=[ValueCodecProvider{}, BsonValueCodecProvider{}, DBRefCodecProvider{}, DBObjectCodecProvider{}, DocumentCodecProvider{}, IterableCodecProvider{}, MapCodecProvider{}, GeoJsonCodecProvider{}, GridFSFileCodecProvider{}, Jsr310CodecProvider{}, JsonObjectCodecProvider{}, BsonCodecProvider{}, EnumCodecProvider{}, com.mongodb.Jep395RecordCodecProvider@393a9a13]}, clusterSettings={hosts=[cluster0-shard-00-00.xkyvl.mongodb.net:27017, cluster0-shard-00-01.xkyvl.mongodb.net:27017, cluster0-shard-00-02.xkyvl.mongodb.net:27017], srvServiceName=mongodb, mode=MULTIPLE, requiredClusterType=REPLICA_SET, requiredReplicaSetName='atlas-uomefy-shard-0', serverSelector='null', clusterListeners='[]', serverSelectionTimeout='30000 ms', localThreshold='30000 ms'}, socketSettings=SocketSettings{connectTimeoutMS=10000, readTimeoutMS=0, receiveBufferSize=0, sendBufferSize=0}, heartbeatSocketSettings=SocketSettings{connectTimeoutMS=10000, readTimeoutMS=10000, receiveBufferSize=0, sendBufferSize=0}, connectionPoolSettings=ConnectionPoolSettings{maxSize=100, minSize=0, maxWaitTimeMS=120000, maxConnectionLifeTimeMS=0, maxConnectionIdleTimeMS=0, maintenanceInitialDelayMS=0, maintenanceFrequencyMS=60000, connectionPoolListeners=[], maxConnecting=2}, serverSettings=ServerSettings{heartbeatFrequencyMS=10000, minHeartbeatFrequencyMS=500, serverListeners='[]', serverMonitorListeners='[]'}, sslSettings=SslSettings{enabled=true, invalidHostNameAllowed=false, context=null}, applicationName='null', compressorList=[], uuidRepresentation=UNSPECIFIED, serverApi=null, autoEncryptionSettings=null, contextProvider=null}
2022-08-09 18:33:57.206  INFO 20100 --- [cluster-rtt-ClusterId{value='62f25b3accf9b429f19a57fa', description='null'}-cluster0-shard-00-00.xkyvl.mongodb.net:27017] org.mongodb.driver.connection            : Opened connection [connectionId{localValue:2, serverValue:28365}] to cluster0-shard-00-00.xkyvl.mongodb.net:27017
2022-08-09 18:33:57.206  INFO 20100 --- [cluster-ClusterId{value='62f25b3accf9b429f19a57fa', description='null'}-cluster0-shard-00-02.xkyvl.mongodb.net:27017] org.mongodb.driver.connection            : Opened connection [connectionId{localValue:6, serverValue:29480}] to cluster0-shard-00-02.xkyvl.mongodb.net:27017
2022-08-09 18:33:57.206  INFO 20100 --- [cluster-rtt-ClusterId{value='62f25b3accf9b429f19a57fa', description='null'}-cluster0-shard-00-01.xkyvl.mongodb.net:27017] org.mongodb.driver.connection            : Opened connection [connectionId{localValue:4, serverValue:22665}] to cluster0-shard-00-01.xkyvl.mongodb.net:27017
2022-08-09 18:33:57.206  INFO 20100 --- [cluster-ClusterId{value='62f25b3accf9b429f19a57fa', description='null'}-cluster0-shard-00-00.xkyvl.mongodb.net:27017] org.mongodb.driver.connection            : Opened connection [connectionId{localValue:1, serverValue:28365}] to cluster0-shard-00-00.xkyvl.mongodb.net:27017
2022-08-09 18:33:57.206  INFO 20100 --- [cluster-rtt-ClusterId{value='62f25b3accf9b429f19a57fa', description='null'}-cluster0-shard-00-02.xkyvl.mongodb.net:27017] org.mongodb.driver.connection            : Opened connection [connectionId{localValue:3, serverValue:29480}] to cluster0-shard-00-02.xkyvl.mongodb.net:27017
2022-08-09 18:33:57.206  INFO 20100 --- [cluster-ClusterId{value='62f25b3accf9b429f19a57fa', description='null'}-cluster0-shard-00-01.xkyvl.mongodb.net:27017] org.mongodb.driver.connection            : Opened connection [connectionId{localValue:5, serverValue:22665}] to cluster0-shard-00-01.xkyvl.mongodb.net:27017
2022-08-09 18:33:57.210  INFO 20100 --- [cluster-ClusterId{value='62f25b3accf9b429f19a57fa', description='null'}-cluster0-shard-00-02.xkyvl.mongodb.net:27017] org.mongodb.driver.cluster               : Monitor thread successfully connected to server with description ServerDescription{address=cluster0-shard-00-02.xkyvl.mongodb.net:27017, type=REPLICA_SET_PRIMARY, state=CONNECTED, ok=true, minWireVersion=0, maxWireVersion=13, maxDocumentSize=16777216, logicalSessionTimeoutMinutes=30, roundTripTimeNanos=682590300, setName='atlas-uomefy-shard-0', canonicalAddress=cluster0-shard-00-02.xkyvl.mongodb.net:27017, hosts=[cluster0-shard-00-00.xkyvl.mongodb.net:27017, cluster0-shard-00-01.xkyvl.mongodb.net:27017, cluster0-shard-00-02.xkyvl.mongodb.net:27017], passives=[], arbiters=[], primary='cluster0-shard-00-02.xkyvl.mongodb.net:27017', tagSet=TagSet{[Tag{name='nodeType', value='ELECTABLE'}, Tag{name='provider', value='AWS'}, Tag{name='region', value='AP_SOUTH_1'}, Tag{name='workloadType', value='OPERATIONAL'}]}, electionId=7fffffff0000000000000098, setVersion=4, topologyVersion=TopologyVersion{processId=62f13371abf249ef04e749fa, counter=6}, lastWriteDate=Tue Aug 09 18:33:57 IST 2022, lastUpdateTimeNanos=38911006288900}
2022-08-09 18:33:57.211  INFO 20100 --- [cluster-ClusterId{value='62f25b3accf9b429f19a57fa', description='null'}-cluster0-shard-00-00.xkyvl.mongodb.net:27017] org.mongodb.driver.cluster               : Monitor thread successfully connected to server with description ServerDescription{address=cluster0-shard-00-00.xkyvl.mongodb.net:27017, type=REPLICA_SET_SECONDARY, state=CONNECTED, ok=true, minWireVersion=0, maxWireVersion=13, maxDocumentSize=16777216, logicalSessionTimeoutMinutes=30, roundTripTimeNanos=701120700, setName='atlas-uomefy-shard-0', canonicalAddress=cluster0-shard-00-00.xkyvl.mongodb.net:27017, hosts=[cluster0-shard-00-00.xkyvl.mongodb.net:27017, cluster0-shard-00-01.xkyvl.mongodb.net:27017, cluster0-shard-00-02.xkyvl.mongodb.net:27017], passives=[], arbiters=[], primary='cluster0-shard-00-02.xkyvl.mongodb.net:27017', tagSet=TagSet{[Tag{name='nodeType', value='ELECTABLE'}, Tag{name='provider', value='AWS'}, Tag{name='region', value='AP_SOUTH_1'}, Tag{name='workloadType', value='OPERATIONAL'}]}, electionId=null, setVersion=4, topologyVersion=TopologyVersion{processId=62f1314d566974b31c0eed8a, counter=5}, lastWriteDate=Tue Aug 09 18:33:57 IST 2022, lastUpdateTimeNanos=38911005869700}
2022-08-09 18:33:57.214  INFO 20100 --- [cluster-ClusterId{value='62f25b3accf9b429f19a57fa', description='null'}-cluster0-shard-00-01.xkyvl.mongodb.net:27017] org.mongodb.driver.cluster               : Monitor thread successfully connected to server with description ServerDescription{address=cluster0-shard-00-01.xkyvl.mongodb.net:27017, type=REPLICA_SET_SECONDARY, state=CONNECTED, ok=true, minWireVersion=0, maxWireVersion=13, maxDocumentSize=16777216, logicalSessionTimeoutMinutes=30, roundTripTimeNanos=695826300, setName='atlas-uomefy-shard-0', canonicalAddress=cluster0-shard-00-01.xkyvl.mongodb.net:27017, hosts=[cluster0-shard-00-00.xkyvl.mongodb.net:27017, cluster0-shard-00-01.xkyvl.mongodb.net:27017, cluster0-shard-00-02.xkyvl.mongodb.net:27017], passives=[], arbiters=[], primary='cluster0-shard-00-02.xkyvl.mongodb.net:27017', tagSet=TagSet{[Tag{name='nodeType', value='ELECTABLE'}, Tag{name='provider', value='AWS'}, Tag{name='region', value='AP_SOUTH_1'}, Tag{name='workloadType', value='OPERATIONAL'}]}, electionId=null, setVersion=4, topologyVersion=TopologyVersion{processId=62f16d04d35ec1061d6c791c, counter=3}, lastWriteDate=Tue Aug 09 18:33:57 IST 2022, lastUpdateTimeNanos=38911007318400}
2022-08-09 18:33:57.232  INFO 20100 --- [cluster-ClusterId{value='62f25b3accf9b429f19a57fa', description='null'}-cluster0-shard-00-02.xkyvl.mongodb.net:27017] org.mongodb.driver.cluster               : Setting max election id to 7fffffff0000000000000098 from replica set primary cluster0-shard-00-02.xkyvl.mongodb.net:27017
2022-08-09 18:33:57.234  INFO 20100 --- [cluster-ClusterId{value='62f25b3accf9b429f19a57fa', description='null'}-cluster0-shard-00-02.xkyvl.mongodb.net:27017] org.mongodb.driver.cluster               : Setting max set version to 4 from replica set primary cluster0-shard-00-02.xkyvl.mongodb.net:27017
2022-08-09 18:33:57.239  INFO 20100 --- [cluster-ClusterId{value='62f25b3accf9b429f19a57fa', description='null'}-cluster0-shard-00-02.xkyvl.mongodb.net:27017] org.mongodb.driver.cluster               : Discovered replica set primary cluster0-shard-00-02.xkyvl.mongodb.net:27017
2022-08-09 18:33:58.591  INFO 20100 --- [restartedMain] o.s.b.d.a.OptionalLiveReloadServer       : LiveReload server is running on port 35729
2022-08-09 18:33:59.845  INFO 20100 --- [restartedMain] org.mongodb.driver.connection            : Opened connection [connectionId{localValue:7, serverValue:29500}] to cluster0-shard-00-02.xkyvl.mongodb.net:27017
2022-08-09 18:34:02.149  INFO 20100 --- [restartedMain] o.s.s.web.DefaultSecurityFilterChain     : Will secure any request with [org.springframework.security.web.session.DisableEncodeUrlFilter@ea2069c, org.springframework.security.web.context.request.async.WebAsyncManagerIntegrationFilter@5138238a, org.springframework.security.web.context.SecurityContextPersistenceFilter@32e2b4ee, org.springframework.security.web.header.HeaderWriterFilter@f4f050, org.springframework.web.filter.CorsFilter@63377591, org.springframework.security.web.authentication.logout.LogoutFilter@1786aea4, com.tweetapp.security.LoginFilter@59fc8283, com.tweetapp.security.JwtFilter@682c4d86, org.springframework.security.web.savedrequest.RequestCacheAwareFilter@69d3979b, org.springframework.security.web.servletapi.SecurityContextHolderAwareRequestFilter@67f41c5e, org.springframework.security.web.authentication.AnonymousAuthenticationFilter@37c4ebd7, org.springframework.security.web.session.SessionManagementFilter@34742be7, org.springframework.security.web.access.ExceptionTranslationFilter@5d6db6a3, org.springframework.security.web.access.intercept.FilterSecurityInterceptor@17378209]
2022-08-09 18:34:04.696  INFO 20100 --- [restartedMain] o.a.k.clients.consumer.ConsumerConfig    : ConsumerConfig values: 
	allow.auto.create.topics = true
	auto.commit.interval.ms = 5000
	auto.offset.reset = latest
	bootstrap.servers = [http://localhost:9092]
	check.crcs = true
	client.dns.lookup = use_all_dns_ips
	client.id = consumer-group_id-1
	client.rack = 
	connections.max.idle.ms = 540000
	default.api.timeout.ms = 60000
	enable.auto.commit = false
	exclude.internal.topics = true
	fetch.max.bytes = 52428800
	fetch.max.wait.ms = 500
	fetch.min.bytes = 1
	group.id = group_id
	group.instance.id = null
	heartbeat.interval.ms = 3000
	interceptor.classes = []
	internal.leave.group.on.close = true
	internal.throw.on.fetch.stable.offset.unsupported = false
	isolation.level = read_uncommitted
	key.deserializer = class org.apache.kafka.common.serialization.StringDeserializer
	max.partition.fetch.bytes = 1048576
	max.poll.interval.ms = 300000
	max.poll.records = 500
	metadata.max.age.ms = 300000
	metric.reporters = []
	metrics.num.samples = 2
	metrics.recording.level = INFO
	metrics.sample.window.ms = 30000
	partition.assignment.strategy = [class org.apache.kafka.clients.consumer.RangeAssignor, class org.apache.kafka.clients.consumer.CooperativeStickyAssignor]
	receive.buffer.bytes = 65536
	reconnect.backoff.max.ms = 1000
	reconnect.backoff.ms = 50
	request.timeout.ms = 30000
	retry.backoff.ms = 100
	sasl.client.callback.handler.class = null
	sasl.jaas.config = null
	sasl.kerberos.kinit.cmd = /usr/bin/kinit
	sasl.kerberos.min.time.before.relogin = 60000
	sasl.kerberos.service.name = null
	sasl.kerberos.ticket.renew.jitter = 0.05
	sasl.kerberos.ticket.renew.window.factor = 0.8
	sasl.login.callback.handler.class = null
	sasl.login.class = null
	sasl.login.connect.timeout.ms = null
	sasl.login.read.timeout.ms = null
	sasl.login.refresh.buffer.seconds = 300
	sasl.login.refresh.min.period.seconds = 60
	sasl.login.refresh.window.factor = 0.8
	sasl.login.refresh.window.jitter = 0.05
	sasl.login.retry.backoff.max.ms = 10000
	sasl.login.retry.backoff.ms = 100
	sasl.mechanism = GSSAPI
	sasl.oauthbearer.clock.skew.seconds = 30
	sasl.oauthbearer.expected.audience = null
	sasl.oauthbearer.expected.issuer = null
	sasl.oauthbearer.jwks.endpoint.refresh.ms = 3600000
	sasl.oauthbearer.jwks.endpoint.retry.backoff.max.ms = 10000
	sasl.oauthbearer.jwks.endpoint.retry.backoff.ms = 100
	sasl.oauthbearer.jwks.endpoint.url = null
	sasl.oauthbearer.scope.claim.name = scope
	sasl.oauthbearer.sub.claim.name = sub
	sasl.oauthbearer.token.endpoint.url = null
	security.protocol = PLAINTEXT
	security.providers = null
	send.buffer.bytes = 131072
	session.timeout.ms = 45000
	socket.connection.setup.timeout.max.ms = 30000
	socket.connection.setup.timeout.ms = 10000
	ssl.cipher.suites = null
	ssl.enabled.protocols = [TLSv1.2, TLSv1.3]
	ssl.endpoint.identification.algorithm = https
	ssl.engine.factory.class = null
	ssl.key.password = null
	ssl.keymanager.algorithm = SunX509
	ssl.keystore.certificate.chain = null
	ssl.keystore.key = null
	ssl.keystore.location = null
	ssl.keystore.password = null
	ssl.keystore.type = JKS
	ssl.protocol = TLSv1.3
	ssl.provider = null
	ssl.secure.random.implementation = null
	ssl.trustmanager.algorithm = PKIX
	ssl.truststore.certificates = null
	ssl.truststore.location = null
	ssl.truststore.password = null
	ssl.truststore.type = JKS
	value.deserializer = class org.apache.kafka.common.serialization.StringDeserializer

2022-08-09 18:34:05.550  INFO 20100 --- [restartedMain] o.a.kafka.common.utils.AppInfoParser     : Kafka version: 3.1.1
2022-08-09 18:34:05.557  INFO 20100 --- [restartedMain] o.a.kafka.common.utils.AppInfoParser     : Kafka commitId: 97671528ba54a138
2022-08-09 18:34:05.559  INFO 20100 --- [restartedMain] o.a.kafka.common.utils.AppInfoParser     : Kafka startTimeMs: 1660050245544
2022-08-09 18:34:05.576  INFO 20100 --- [restartedMain] o.a.k.clients.consumer.KafkaConsumer     : [Consumer clientId=consumer-group_id-1, groupId=group_id] Subscribed to topic(s): tweet
2022-08-09 18:34:05.847  INFO 20100 --- [restartedMain] o.s.b.w.embedded.tomcat.TomcatWebServer  : Tomcat started on port(s): 8080 (http) with context path ''
2022-08-09 18:34:05.897  INFO 20100 --- [restartedMain] c.t.application.TweetappApplication      : Started TweetappApplication in 23.543 seconds (JVM running for 25.678)
2022-08-09 18:34:07.444  INFO 20100 --- [org.springframework.kafka.KafkaListenerEndpointContainer#0-0-C-1] org.apache.kafka.clients.Metadata        : [Consumer clientId=consumer-group_id-1, groupId=group_id] Resetting the last seen epoch of partition tweet-0 to 0 since the associated topicId changed from null to YivQngmFTxGT6qq9WDHDsQ
2022-08-09 18:34:07.458  INFO 20100 --- [org.springframework.kafka.KafkaListenerEndpointContainer#0-0-C-1] org.apache.kafka.clients.Metadata        : [Consumer clientId=consumer-group_id-1, groupId=group_id] Cluster ID: 6ypjUHCERtWYaRUMh6qVBA
2022-08-09 18:34:18.663  INFO 20100 --- [org.springframework.kafka.KafkaListenerEndpointContainer#0-0-C-1] o.a.k.c.c.internals.ConsumerCoordinator  : [Consumer clientId=consumer-group_id-1, groupId=group_id] Discovered group coordinator localhost:9092 (id: 2147483646 rack: null)
2022-08-09 18:34:18.680  INFO 20100 --- [org.springframework.kafka.KafkaListenerEndpointContainer#0-0-C-1] o.a.k.c.c.internals.ConsumerCoordinator  : [Consumer clientId=consumer-group_id-1, groupId=group_id] (Re-)joining group
2022-08-09 18:34:19.239  INFO 20100 --- [org.springframework.kafka.KafkaListenerEndpointContainer#0-0-C-1] o.a.k.c.c.internals.ConsumerCoordinator  : [Consumer clientId=consumer-group_id-1, groupId=group_id] Request joining group due to: need to re-join with the given member-id
2022-08-09 18:34:19.242  INFO 20100 --- [org.springframework.kafka.KafkaListenerEndpointContainer#0-0-C-1] o.a.k.c.c.internals.ConsumerCoordinator  : [Consumer clientId=consumer-group_id-1, groupId=group_id] (Re-)joining group
2022-08-09 18:34:23.040  INFO 20100 --- [org.springframework.kafka.KafkaListenerEndpointContainer#0-0-C-1] o.a.k.c.c.internals.ConsumerCoordinator  : [Consumer clientId=consumer-group_id-1, groupId=group_id] Successfully joined group with generation Generation{generationId=1, memberId='consumer-group_id-1-ab787d1e-29ae-4b92-87b4-89b61a67b6e4', protocol='range'}
2022-08-09 18:34:23.064  INFO 20100 --- [org.springframework.kafka.KafkaListenerEndpointContainer#0-0-C-1] o.a.k.c.c.internals.ConsumerCoordinator  : [Consumer clientId=consumer-group_id-1, groupId=group_id] Finished assignment for group at generation 1: {consumer-group_id-1-ab787d1e-29ae-4b92-87b4-89b61a67b6e4=Assignment(partitions=[tweet-0])}
2022-08-09 18:34:23.831  INFO 20100 --- [org.springframework.kafka.KafkaListenerEndpointContainer#0-0-C-1] o.a.k.c.c.internals.ConsumerCoordinator  : [Consumer clientId=consumer-group_id-1, groupId=group_id] Successfully synced group in generation Generation{generationId=1, memberId='consumer-group_id-1-ab787d1e-29ae-4b92-87b4-89b61a67b6e4', protocol='range'}
2022-08-09 18:34:23.838  INFO 20100 --- [org.springframework.kafka.KafkaListenerEndpointContainer#0-0-C-1] o.a.k.c.c.internals.ConsumerCoordinator  : [Consumer clientId=consumer-group_id-1, groupId=group_id] Notifying assignor about the new Assignment(partitions=[tweet-0])
2022-08-09 18:34:23.859  INFO 20100 --- [org.springframework.kafka.KafkaListenerEndpointContainer#0-0-C-1] o.a.k.c.c.internals.ConsumerCoordinator  : [Consumer clientId=consumer-group_id-1, groupId=group_id] Adding newly assigned partitions: tweet-0
2022-08-09 18:34:24.043  INFO 20100 --- [org.springframework.kafka.KafkaListenerEndpointContainer#0-0-C-1] o.a.k.c.c.internals.ConsumerCoordinator  : [Consumer clientId=consumer-group_id-1, groupId=group_id] Found no committed offset for partition tweet-0
2022-08-09 18:34:24.125  INFO 20100 --- [org.springframework.kafka.KafkaListenerEndpointContainer#0-0-C-1] o.a.k.c.c.internals.ConsumerCoordinator  : [Consumer clientId=consumer-group_id-1, groupId=group_id] Found no committed offset for partition tweet-0
2022-08-09 18:34:24.401  INFO 20100 --- [org.springframework.kafka.KafkaListenerEndpointContainer#0-0-C-1] o.a.k.c.c.internals.SubscriptionState    : [Consumer clientId=consumer-group_id-1, groupId=group_id] Resetting offset for partition tweet-0 to position FetchPosition{offset=0, offsetEpoch=Optional.empty, currentLeader=LeaderAndEpoch{leader=Optional[localhost:9092 (id: 1 rack: null)], epoch=0}}.
2022-08-09 18:34:24.782  INFO 20100 --- [org.springframework.kafka.KafkaListenerEndpointContainer#0-0-C-1] o.s.k.l.KafkaMessageListenerContainer    : group_id: partitions assigned: [tweet-0]
2022-08-09 18:43:09.978  INFO 20100 --- [org.springframework.kafka.KafkaListenerEndpointContainer#0-0-C-1] org.apache.kafka.clients.NetworkClient   : [Consumer clientId=consumer-group_id-1, groupId=group_id] Node -1 disconnected.
2022-08-09 19:01:02.030  INFO 20100 --- [org.springframework.kafka.KafkaListenerEndpointContainer#0-0-C-1] org.apache.kafka.clients.NetworkClient   : [Consumer clientId=consumer-group_id-1, groupId=group_id] Node 2147483646 disconnected.
2022-08-09 19:01:02.412  INFO 20100 --- [kafka-coordinator-heartbeat-thread | group_id] org.apache.kafka.clients.NetworkClient   : [Consumer clientId=consumer-group_id-1, groupId=group_id] Node 1 disconnected.
2022-08-09 19:01:02.512  INFO 20100 --- [kafka-coordinator-heartbeat-thread | group_id] org.apache.kafka.clients.NetworkClient   : [Consumer clientId=consumer-group_id-1, groupId=group_id] Cancelled in-flight FETCH request with correlation id 3416 due to node 1 being disconnected (elapsed time since creation: 1070ms, elapsed time since send: 1070ms, request timeout: 30000ms)
2022-08-09 19:01:02.523  INFO 20100 --- [kafka-coordinator-heartbeat-thread | group_id] org.apache.kafka.clients.NetworkClient   : [Consumer clientId=consumer-group_id-1, groupId=group_id] Cancelled in-flight METADATA request with correlation id 3417 due to node 1 being disconnected (elapsed time since creation: 956ms, elapsed time since send: 956ms, request timeout: 30000ms)
2022-08-09 19:01:07.282  INFO 20100 --- [kafka-coordinator-heartbeat-thread | group_id] o.a.kafka.clients.FetchSessionHandler    : [Consumer clientId=consumer-group_id-1, groupId=group_id] Error sending fetch request (sessionId=2054797263, epoch=2718) to node 1:

org.apache.kafka.common.errors.DisconnectException: null

2022-08-09 19:01:07.763  INFO 20100 --- [org.springframework.kafka.KafkaListenerEndpointContainer#0-0-C-1] org.apache.kafka.clients.NetworkClient   : [Consumer clientId=consumer-group_id-1, groupId=group_id] Node 2147483646 disconnected.
2022-08-09 19:01:07.764  INFO 20100 --- [org.springframework.kafka.KafkaListenerEndpointContainer#0-0-C-1] org.apache.kafka.clients.NetworkClient   : [Consumer clientId=consumer-group_id-1, groupId=group_id] Cancelled in-flight API_VERSIONS request with correlation id 3421 due to node 2147483646 being disconnected (elapsed time since creation: 236ms, elapsed time since send: 236ms, request timeout: 30000ms)
2022-08-09 19:01:07.778  INFO 20100 --- [kafka-coordinator-heartbeat-thread | group_id] org.apache.kafka.clients.NetworkClient   : [Consumer clientId=consumer-group_id-1, groupId=group_id] Node 1 disconnected.
2022-08-09 19:01:07.779  INFO 20100 --- [kafka-coordinator-heartbeat-thread | group_id] org.apache.kafka.clients.NetworkClient   : [Consumer clientId=consumer-group_id-1, groupId=group_id] Cancelled in-flight API_VERSIONS request with correlation id 3420 due to node 1 being disconnected (elapsed time since creation: 251ms, elapsed time since send: 251ms, request timeout: 30000ms)
2022-08-09 19:01:07.785  INFO 20100 --- [kafka-coordinator-heartbeat-thread | group_id] o.a.kafka.clients.FetchSessionHandler    : [Consumer clientId=consumer-group_id-1, groupId=group_id] Error sending fetch request (sessionId=2054797263, epoch=INITIAL) to node 1:

org.apache.kafka.common.errors.DisconnectException: null

2022-08-09 19:01:07.795  INFO 20100 --- [kafka-coordinator-heartbeat-thread | group_id] o.a.k.c.c.internals.ConsumerCoordinator  : [Consumer clientId=consumer-group_id-1, groupId=group_id] Group coordinator localhost:9092 (id: 2147483646 rack: null) is unavailable or invalid due to cause: coordinator unavailable.isDisconnected: true. Rediscovery will be attempted.
2022-08-09 19:01:07.886  INFO 20100 --- [org.springframework.kafka.KafkaListenerEndpointContainer#0-0-C-1] org.apache.kafka.clients.NetworkClient   : [Consumer clientId=consumer-group_id-1, groupId=group_id] Node 1 disconnected.
2022-08-09 19:01:07.888  INFO 20100 --- [org.springframework.kafka.KafkaListenerEndpointContainer#0-0-C-1] org.apache.kafka.clients.NetworkClient   : [Consumer clientId=consumer-group_id-1, groupId=group_id] Cancelled in-flight API_VERSIONS request with correlation id 3422 due to node 1 being disconnected (elapsed time since creation: 7ms, elapsed time since send: 7ms, request timeout: 30000ms)
2022-08-09 19:01:08.000  INFO 20100 --- [org.springframework.kafka.KafkaListenerEndpointContainer#0-0-C-1] org.apache.kafka.clients.NetworkClient   : [Consumer clientId=consumer-group_id-1, groupId=group_id] Node 1 disconnected.
2022-08-09 19:01:08.004  INFO 20100 --- [org.springframework.kafka.KafkaListenerEndpointContainer#0-0-C-1] org.apache.kafka.clients.NetworkClient   : [Consumer clientId=consumer-group_id-1, groupId=group_id] Cancelled in-flight API_VERSIONS request with correlation id 3423 due to node 1 being disconnected (elapsed time since creation: 12ms, elapsed time since send: 12ms, request timeout: 30000ms)
2022-08-09 19:01:08.121  INFO 20100 --- [org.springframework.kafka.KafkaListenerEndpointContainer#0-0-C-1] org.apache.kafka.clients.NetworkClient   : [Consumer clientId=consumer-group_id-1, groupId=group_id] Node 1 disconnected.
2022-08-09 19:01:08.122  INFO 20100 --- [org.springframework.kafka.KafkaListenerEndpointContainer#0-0-C-1] org.apache.kafka.clients.NetworkClient   : [Consumer clientId=consumer-group_id-1, groupId=group_id] Cancelled in-flight API_VERSIONS request with correlation id 3424 due to node 1 being disconnected (elapsed time since creation: 12ms, elapsed time since send: 12ms, request timeout: 30000ms)
2022-08-09 19:01:08.239  INFO 20100 --- [org.springframework.kafka.KafkaListenerEndpointContainer#0-0-C-1] org.apache.kafka.clients.NetworkClient   : [Consumer clientId=consumer-group_id-1, groupId=group_id] Node 1 disconnected.
2022-08-09 19:01:08.241  INFO 20100 --- [org.springframework.kafka.KafkaListenerEndpointContainer#0-0-C-1] org.apache.kafka.clients.NetworkClient   : [Consumer clientId=consumer-group_id-1, groupId=group_id] Cancelled in-flight API_VERSIONS request with correlation id 3425 due to node 1 being disconnected (elapsed time since creation: 5ms, elapsed time since send: 5ms, request timeout: 30000ms)
2022-08-09 19:01:08.355  INFO 20100 --- [org.springframework.kafka.KafkaListenerEndpointContainer#0-0-C-1] org.apache.kafka.clients.NetworkClient   : [Consumer clientId=consumer-group_id-1, groupId=group_id] Node 1 disconnected.
2022-08-09 19:01:08.356  INFO 20100 --- [org.springframework.kafka.KafkaListenerEndpointContainer#0-0-C-1] org.apache.kafka.clients.NetworkClient   : [Consumer clientId=consumer-group_id-1, groupId=group_id] Cancelled in-flight API_VERSIONS request with correlation id 3426 due to node 1 being disconnected (elapsed time since creation: 14ms, elapsed time since send: 14ms, request timeout: 30000ms)
2022-08-09 19:01:08.478  INFO 20100 --- [org.springframework.kafka.KafkaListenerEndpointContainer#0-0-C-1] org.apache.kafka.clients.NetworkClient   : [Consumer clientId=consumer-group_id-1, groupId=group_id] Node 1 disconnected.
2022-08-09 19:01:08.478  INFO 20100 --- [org.springframework.kafka.KafkaListenerEndpointContainer#0-0-C-1] org.apache.kafka.clients.NetworkClient   : [Consumer clientId=consumer-group_id-1, groupId=group_id] Cancelled in-flight API_VERSIONS request with correlation id 3427 due to node 1 being disconnected (elapsed time since creation: 12ms, elapsed time since send: 12ms, request timeout: 30000ms)
2022-08-09 19:01:08.593  INFO 20100 --- [org.springframework.kafka.KafkaListenerEndpointContainer#0-0-C-1] org.apache.kafka.clients.NetworkClient   : [Consumer clientId=consumer-group_id-1, groupId=group_id] Node 1 disconnected.
2022-08-09 19:01:08.597  INFO 20100 --- [org.springframework.kafka.KafkaListenerEndpointContainer#0-0-C-1] org.apache.kafka.clients.NetworkClient   : [Consumer clientId=consumer-group_id-1, groupId=group_id] Cancelled in-flight API_VERSIONS request with correlation id 3428 due to node 1 being disconnected (elapsed time since creation: 3ms, elapsed time since send: 3ms, request timeout: 30000ms)
2022-08-09 19:01:08.712  INFO 20100 --- [org.springframework.kafka.KafkaListenerEndpointContainer#0-0-C-1] org.apache.kafka.clients.NetworkClient   : [Consumer clientId=consumer-group_id-1, groupId=group_id] Node 1 disconnected.
2022-08-09 19:01:08.714  INFO 20100 --- [org.springframework.kafka.KafkaListenerEndpointContainer#0-0-C-1] org.apache.kafka.clients.NetworkClient   : [Consumer clientId=consumer-group_id-1, groupId=group_id] Cancelled in-flight API_VERSIONS request with correlation id 3429 due to node 1 being disconnected (elapsed time since creation: 13ms, elapsed time since send: 13ms, request timeout: 30000ms)
2022-08-09 19:01:08.833  INFO 20100 --- [org.springframework.kafka.KafkaListenerEndpointContainer#0-0-C-1] org.apache.kafka.clients.NetworkClient   : [Consumer clientId=consumer-group_id-1, groupId=group_id] Node 1 disconnected.
2022-08-09 19:01:08.835  INFO 20100 --- [org.springframework.kafka.KafkaListenerEndpointContainer#0-0-C-1] org.apache.kafka.clients.NetworkClient   : [Consumer clientId=consumer-group_id-1, groupId=group_id] Cancelled in-flight API_VERSIONS request with correlation id 3430 due to node 1 being disconnected (elapsed time since creation: 9ms, elapsed time since send: 9ms, request timeout: 30000ms)
2022-08-09 19:01:08.950  INFO 20100 --- [org.springframework.kafka.KafkaListenerEndpointContainer#0-0-C-1] org.apache.kafka.clients.NetworkClient   : [Consumer clientId=consumer-group_id-1, groupId=group_id] Node 1 disconnected.
2022-08-09 19:01:09.009  INFO 20100 --- [org.springframework.kafka.KafkaListenerEndpointContainer#0-0-C-1] org.apache.kafka.clients.NetworkClient   : [Consumer clientId=consumer-group_id-1, groupId=group_id] Cancelled in-flight API_VERSIONS request with correlation id 3431 due to node 1 being disconnected (elapsed time since creation: 2ms, elapsed time since send: 2ms, request timeout: 30000ms)
2022-08-09 19:01:09.061  INFO 20100 --- [org.springframework.kafka.KafkaListenerEndpointContainer#0-0-C-1] org.apache.kafka.clients.NetworkClient   : [Consumer clientId=consumer-group_id-1, groupId=group_id] Node 1 disconnected.
2022-08-09 19:01:09.064  INFO 20100 --- [org.springframework.kafka.KafkaListenerEndpointContainer#0-0-C-1] org.apache.kafka.clients.NetworkClient   : [Consumer clientId=consumer-group_id-1, groupId=group_id] Cancelled in-flight API_VERSIONS request with correlation id 3432 due to node 1 being disconnected (elapsed time since creation: 4ms, elapsed time since send: 4ms, request timeout: 30000ms)
2022-08-09 19:01:09.169  INFO 20100 --- [org.springframework.kafka.KafkaListenerEndpointContainer#0-0-C-1] org.apache.kafka.clients.NetworkClient   : [Consumer clientId=consumer-group_id-1, groupId=group_id] Node 1 disconnected.
2022-08-09 19:01:09.170  INFO 20100 --- [org.springframework.kafka.KafkaListenerEndpointContainer#0-0-C-1] org.apache.kafka.clients.NetworkClient   : [Consumer clientId=consumer-group_id-1, groupId=group_id] Cancelled in-flight API_VERSIONS request with correlation id 3433 due to node 1 being disconnected (elapsed time since creation: 4ms, elapsed time since send: 4ms, request timeout: 30000ms)
2022-08-09 19:01:09.279  INFO 20100 --- [org.springframework.kafka.KafkaListenerEndpointContainer#0-0-C-1] org.apache.kafka.clients.NetworkClient   : [Consumer clientId=consumer-group_id-1, groupId=group_id] Node 1 disconnected.
2022-08-09 19:01:09.280  INFO 20100 --- [org.springframework.kafka.KafkaListenerEndpointContainer#0-0-C-1] org.apache.kafka.clients.NetworkClient   : [Consumer clientId=consumer-group_id-1, groupId=group_id] Cancelled in-flight API_VERSIONS request with correlation id 3434 due to node 1 being disconnected (elapsed time since creation: 6ms, elapsed time since send: 6ms, request timeout: 30000ms)
2022-08-09 19:01:09.398  INFO 20100 --- [org.springframework.kafka.KafkaListenerEndpointContainer#0-0-C-1] org.apache.kafka.clients.NetworkClient   : [Consumer clientId=consumer-group_id-1, groupId=group_id] Node 1 disconnected.
2022-08-09 19:01:09.399  INFO 20100 --- [org.springframework.kafka.KafkaListenerEndpointContainer#0-0-C-1] org.apache.kafka.clients.NetworkClient   : [Consumer clientId=consumer-group_id-1, groupId=group_id] Cancelled in-flight API_VERSIONS request with correlation id 3435 due to node 1 being disconnected (elapsed time since creation: 3ms, elapsed time since send: 3ms, request timeout: 30000ms)
2022-08-09 19:01:09.505  INFO 20100 --- [org.springframework.kafka.KafkaListenerEndpointContainer#0-0-C-1] org.apache.kafka.clients.NetworkClient   : [Consumer clientId=consumer-group_id-1, groupId=group_id] Node 1 disconnected.
2022-08-09 19:01:09.507  INFO 20100 --- [org.springframework.kafka.KafkaListenerEndpointContainer#0-0-C-1] org.apache.kafka.clients.NetworkClient   : [Consumer clientId=consumer-group_id-1, groupId=group_id] Cancelled in-flight API_VERSIONS request with correlation id 3436 due to node 1 being disconnected (elapsed time since creation: 3ms, elapsed time since send: 3ms, request timeout: 30000ms)
2022-08-09 19:01:09.619  INFO 20100 --- [org.springframework.kafka.KafkaListenerEndpointContainer#0-0-C-1] org.apache.kafka.clients.NetworkClient   : [Consumer clientId=consumer-group_id-1, groupId=group_id] Node 1 disconnected.
2022-08-09 19:01:09.620  INFO 20100 --- [org.springframework.kafka.KafkaListenerEndpointContainer#0-0-C-1] org.apache.kafka.clients.NetworkClient   : [Consumer clientId=consumer-group_id-1, groupId=group_id] Cancelled in-flight API_VERSIONS request with correlation id 3437 due to node 1 being disconnected (elapsed time since creation: 9ms, elapsed time since send: 9ms, request timeout: 30000ms)
2022-08-09 19:01:09.737  INFO 20100 --- [org.springframework.kafka.KafkaListenerEndpointContainer#0-0-C-1] org.apache.kafka.clients.NetworkClient   : [Consumer clientId=consumer-group_id-1, groupId=group_id] Node 1 disconnected.
2022-08-09 19:01:09.738  INFO 20100 --- [org.springframework.kafka.KafkaListenerEndpointContainer#0-0-C-1] org.apache.kafka.clients.NetworkClient   : [Consumer clientId=consumer-group_id-1, groupId=group_id] Cancelled in-flight API_VERSIONS request with correlation id 3438 due to node 1 being disconnected (elapsed time since creation: 3ms, elapsed time since send: 3ms, request timeout: 30000ms)
2022-08-09 19:01:09.862  INFO 20100 --- [org.springframework.kafka.KafkaListenerEndpointContainer#0-0-C-1] org.apache.kafka.clients.NetworkClient   : [Consumer clientId=consumer-group_id-1, groupId=group_id] Node 1 disconnected.
2022-08-09 19:01:09.864  INFO 20100 --- [org.springframework.kafka.KafkaListenerEndpointContainer#0-0-C-1] org.apache.kafka.clients.NetworkClient   : [Consumer clientId=consumer-group_id-1, groupId=group_id] Cancelled in-flight API_VERSIONS request with correlation id 3439 due to node 1 being disconnected (elapsed time since creation: 18ms, elapsed time since send: 18ms, request timeout: 30000ms)
2022-08-09 19:01:09.969  INFO 20100 --- [org.springframework.kafka.KafkaListenerEndpointContainer#0-0-C-1] org.apache.kafka.clients.NetworkClient   : [Consumer clientId=consumer-group_id-1, groupId=group_id] Node 1 disconnected.
2022-08-09 19:01:09.969  INFO 20100 --- [org.springframework.kafka.KafkaListenerEndpointContainer#0-0-C-1] org.apache.kafka.clients.NetworkClient   : [Consumer clientId=consumer-group_id-1, groupId=group_id] Cancelled in-flight API_VERSIONS request with correlation id 3440 due to node 1 being disconnected (elapsed time since creation: 4ms, elapsed time since send: 4ms, request timeout: 30000ms)
2022-08-09 19:01:10.103  INFO 20100 --- [org.springframework.kafka.KafkaListenerEndpointContainer#0-0-C-1] org.apache.kafka.clients.NetworkClient   : [Consumer clientId=consumer-group_id-1, groupId=group_id] Node 1 disconnected.
2022-08-09 19:01:10.105  INFO 20100 --- [org.springframework.kafka.KafkaListenerEndpointContainer#0-0-C-1] org.apache.kafka.clients.NetworkClient   : [Consumer clientId=consumer-group_id-1, groupId=group_id] Cancelled in-flight API_VERSIONS request with correlation id 3441 due to node 1 being disconnected (elapsed time since creation: 29ms, elapsed time since send: 29ms, request timeout: 30000ms)
2022-08-09 19:01:10.278  INFO 20100 --- [org.springframework.kafka.KafkaListenerEndpointContainer#0-0-C-1] org.apache.kafka.clients.NetworkClient   : [Consumer clientId=consumer-group_id-1, groupId=group_id] Node 1 disconnected.
2022-08-09 19:01:10.279  INFO 20100 --- [org.springframework.kafka.KafkaListenerEndpointContainer#0-0-C-1] org.apache.kafka.clients.NetworkClient   : [Consumer clientId=consumer-group_id-1, groupId=group_id] Cancelled in-flight API_VERSIONS request with correlation id 3442 due to node 1 being disconnected (elapsed time since creation: 66ms, elapsed time since send: 66ms, request timeout: 30000ms)
2022-08-09 19:01:10.391  INFO 20100 --- [org.springframework.kafka.KafkaListenerEndpointContainer#0-0-C-1] org.apache.kafka.clients.NetworkClient   : [Consumer clientId=consumer-group_id-1, groupId=group_id] Node 1 disconnected.
2022-08-09 19:01:10.392  INFO 20100 --- [org.springframework.kafka.KafkaListenerEndpointContainer#0-0-C-1] org.apache.kafka.clients.NetworkClient   : [Consumer clientId=consumer-group_id-1, groupId=group_id] Cancelled in-flight API_VERSIONS request with correlation id 3443 due to node 1 being disconnected (elapsed time since creation: 5ms, elapsed time since send: 5ms, request timeout: 30000ms)
2022-08-09 19:01:10.517  INFO 20100 --- [org.springframework.kafka.KafkaListenerEndpointContainer#0-0-C-1] org.apache.kafka.clients.NetworkClient   : [Consumer clientId=consumer-group_id-1, groupId=group_id] Node 1 disconnected.
2022-08-09 19:01:10.519  INFO 20100 --- [org.springframework.kafka.KafkaListenerEndpointContainer#0-0-C-1] org.apache.kafka.clients.NetworkClient   : [Consumer clientId=consumer-group_id-1, groupId=group_id] Cancelled in-flight API_VERSIONS request with correlation id 3444 due to node 1 being disconnected (elapsed time since creation: 23ms, elapsed time since send: 23ms, request timeout: 30000ms)
2022-08-09 19:01:10.640  INFO 20100 --- [org.springframework.kafka.KafkaListenerEndpointContainer#0-0-C-1] org.apache.kafka.clients.NetworkClient   : [Consumer clientId=consumer-group_id-1, groupId=group_id] Node 1 disconnected.
2022-08-09 19:01:10.641  INFO 20100 --- [org.springframework.kafka.KafkaListenerEndpointContainer#0-0-C-1] org.apache.kafka.clients.NetworkClient   : [Consumer clientId=consumer-group_id-1, groupId=group_id] Cancelled in-flight API_VERSIONS request with correlation id 3445 due to node 1 being disconnected (elapsed time since creation: 6ms, elapsed time since send: 6ms, request timeout: 30000ms)
2022-08-09 19:01:10.770  INFO 20100 --- [org.springframework.kafka.KafkaListenerEndpointContainer#0-0-C-1] org.apache.kafka.clients.NetworkClient   : [Consumer clientId=consumer-group_id-1, groupId=group_id] Node 1 disconnected.
2022-08-09 19:01:10.772  INFO 20100 --- [org.springframework.kafka.KafkaListenerEndpointContainer#0-0-C-1] org.apache.kafka.clients.NetworkClient   : [Consumer clientId=consumer-group_id-1, groupId=group_id] Cancelled in-flight API_VERSIONS request with correlation id 3446 due to node 1 being disconnected (elapsed time since creation: 26ms, elapsed time since send: 26ms, request timeout: 30000ms)
2022-08-09 19:01:10.993  INFO 20100 --- [org.springframework.kafka.KafkaListenerEndpointContainer#0-0-C-1] org.apache.kafka.clients.NetworkClient   : [Consumer clientId=consumer-group_id-1, groupId=group_id] Node 1 disconnected.
2022-08-09 19:01:10.994  INFO 20100 --- [org.springframework.kafka.KafkaListenerEndpointContainer#0-0-C-1] org.apache.kafka.clients.NetworkClient   : [Consumer clientId=consumer-group_id-1, groupId=group_id] Cancelled in-flight API_VERSIONS request with correlation id 3447 due to node 1 being disconnected (elapsed time since creation: 110ms, elapsed time since send: 110ms, request timeout: 30000ms)
2022-08-09 19:01:11.127  INFO 20100 --- [org.springframework.kafka.KafkaListenerEndpointContainer#0-0-C-1] org.apache.kafka.clients.NetworkClient   : [Consumer clientId=consumer-group_id-1, groupId=group_id] Node 1 disconnected.
2022-08-09 19:01:11.127  INFO 20100 --- [org.springframework.kafka.KafkaListenerEndpointContainer#0-0-C-1] org.apache.kafka.clients.NetworkClient   : [Consumer clientId=consumer-group_id-1, groupId=group_id] Cancelled in-flight API_VERSIONS request with correlation id 3448 due to node 1 being disconnected (elapsed time since creation: 25ms, elapsed time since send: 25ms, request timeout: 30000ms)
2022-08-09 19:01:11.616  INFO 20100 --- [org.springframework.kafka.KafkaListenerEndpointContainer#0-0-C-1] org.apache.kafka.clients.NetworkClient   : [Consumer clientId=consumer-group_id-1, groupId=group_id] Node 1 disconnected.
2022-08-09 19:01:11.617  INFO 20100 --- [org.springframework.kafka.KafkaListenerEndpointContainer#0-0-C-1] org.apache.kafka.clients.NetworkClient   : [Consumer clientId=consumer-group_id-1, groupId=group_id] Cancelled in-flight API_VERSIONS request with correlation id 3449 due to node 1 being disconnected (elapsed time since creation: 358ms, elapsed time since send: 358ms, request timeout: 30000ms)
2022-08-09 19:01:11.931  INFO 20100 --- [org.springframework.kafka.KafkaListenerEndpointContainer#0-0-C-1] org.apache.kafka.clients.NetworkClient   : [Consumer clientId=consumer-group_id-1, groupId=group_id] Node 1 disconnected.
2022-08-09 19:01:11.932  INFO 20100 --- [org.springframework.kafka.KafkaListenerEndpointContainer#0-0-C-1] org.apache.kafka.clients.NetworkClient   : [Consumer clientId=consumer-group_id-1, groupId=group_id] Cancelled in-flight API_VERSIONS request with correlation id 3450 due to node 1 being disconnected (elapsed time since creation: 205ms, elapsed time since send: 205ms, request timeout: 30000ms)
2022-08-09 19:01:12.266  INFO 20100 --- [org.springframework.kafka.KafkaListenerEndpointContainer#0-0-C-1] org.apache.kafka.clients.NetworkClient   : [Consumer clientId=consumer-group_id-1, groupId=group_id] Node 1 disconnected.
2022-08-09 19:01:12.267  INFO 20100 --- [org.springframework.kafka.KafkaListenerEndpointContainer#0-0-C-1] org.apache.kafka.clients.NetworkClient   : [Consumer clientId=consumer-group_id-1, groupId=group_id] Cancelled in-flight API_VERSIONS request with correlation id 3451 due to node 1 being disconnected (elapsed time since creation: 232ms, elapsed time since send: 232ms, request timeout: 30000ms)
2022-08-09 19:01:12.974  INFO 20100 --- [org.springframework.kafka.KafkaListenerEndpointContainer#0-0-C-1] org.apache.kafka.clients.NetworkClient   : [Consumer clientId=consumer-group_id-1, groupId=group_id] Node 1 disconnected.
2022-08-09 19:01:12.975  WARN 20100 --- [org.springframework.kafka.KafkaListenerEndpointContainer#0-0-C-1] org.apache.kafka.clients.NetworkClient   : [Consumer clientId=consumer-group_id-1, groupId=group_id] Connection to node 1 (localhost/127.0.0.1:9092) could not be established. Broker may not be available.
2022-08-09 19:01:13.075  INFO 20100 --- [org.springframework.kafka.KafkaListenerEndpointContainer#0-0-C-1] org.apache.kafka.clients.NetworkClient   : [Consumer clientId=consumer-group_id-1, groupId=group_id] Node 1 disconnected.
2022-08-09 19:01:13.077  WARN 20100 --- [org.springframework.kafka.KafkaListenerEndpointContainer#0-0-C-1] org.apache.kafka.clients.NetworkClient   : [Consumer clientId=consumer-group_id-1, groupId=group_id] Connection to node 1 (localhost/127.0.0.1:9092) could not be established. Broker may not be available.
2022-08-09 19:01:13.329  INFO 20100 --- [org.springframework.kafka.KafkaListenerEndpointContainer#0-0-C-1] org.apache.kafka.clients.NetworkClient   : [Consumer clientId=consumer-group_id-1, groupId=group_id] Node 1 disconnected.
2022-08-09 19:01:13.330  WARN 20100 --- [org.springframework.kafka.KafkaListenerEndpointContainer#0-0-C-1] org.apache.kafka.clients.NetworkClient   : [Consumer clientId=consumer-group_id-1, groupId=group_id] Connection to node 1 (localhost/127.0.0.1:9092) could not be established. Broker may not be available.
2022-08-09 19:01:13.697  INFO 20100 --- [org.springframework.kafka.KafkaListenerEndpointContainer#0-0-C-1] org.apache.kafka.clients.NetworkClient   : [Consumer clientId=consumer-group_id-1, groupId=group_id] Node 1 disconnected.
2022-08-09 19:01:13.698  WARN 20100 --- [org.springframework.kafka.KafkaListenerEndpointContainer#0-0-C-1] org.apache.kafka.clients.NetworkClient   : [Consumer clientId=consumer-group_id-1, groupId=group_id] Connection to node 1 (localhost/127.0.0.1:9092) could not be established. Broker may not be available.
2022-08-09 19:01:14.620  INFO 20100 --- [org.springframework.kafka.KafkaListenerEndpointContainer#0-0-C-1] org.apache.kafka.clients.NetworkClient   : [Consumer clientId=consumer-group_id-1, groupId=group_id] Node 1 disconnected.
2022-08-09 19:01:14.621  WARN 20100 --- [org.springframework.kafka.KafkaListenerEndpointContainer#0-0-C-1] org.apache.kafka.clients.NetworkClient   : [Consumer clientId=consumer-group_id-1, groupId=group_id] Connection to node 1 (localhost/127.0.0.1:9092) could not be established. Broker may not be available.
2022-08-09 19:01:15.659  INFO 20100 --- [org.springframework.kafka.KafkaListenerEndpointContainer#0-0-C-1] org.apache.kafka.clients.NetworkClient   : [Consumer clientId=consumer-group_id-1, groupId=group_id] Node 1 disconnected.
2022-08-09 19:01:15.660  WARN 20100 --- [org.springframework.kafka.KafkaListenerEndpointContainer#0-0-C-1] org.apache.kafka.clients.NetworkClient   : [Consumer clientId=consumer-group_id-1, groupId=group_id] Connection to node 1 (localhost/127.0.0.1:9092) could not be established. Broker may not be available.
2022-08-09 19:01:16.827  INFO 20100 --- [org.springframework.kafka.KafkaListenerEndpointContainer#0-0-C-1] org.apache.kafka.clients.NetworkClient   : [Consumer clientId=consumer-group_id-1, groupId=group_id] Node 1 disconnected.
2022-08-09 19:01:16.828  WARN 20100 --- [org.springframework.kafka.KafkaListenerEndpointContainer#0-0-C-1] org.apache.kafka.clients.NetworkClient   : [Consumer clientId=consumer-group_id-1, groupId=group_id] Connection to node 1 (localhost/127.0.0.1:9092) could not be established. Broker may not be available.
2022-08-09 19:01:18.000  INFO 20100 --- [org.springframework.kafka.KafkaListenerEndpointContainer#0-0-C-1] org.apache.kafka.clients.NetworkClient   : [Consumer clientId=consumer-group_id-1, groupId=group_id] Node 1 disconnected.
2022-08-09 19:01:18.002  WARN 20100 --- [org.springframework.kafka.KafkaListenerEndpointContainer#0-0-C-1] org.apache.kafka.clients.NetworkClient   : [Consumer clientId=consumer-group_id-1, groupId=group_id] Connection to node 1 (localhost/127.0.0.1:9092) could not be established. Broker may not be available.
2022-08-09 19:01:19.906  INFO 20100 --- [kafka-coordinator-heartbeat-thread | group_id] org.apache.kafka.clients.NetworkClient   : [Consumer clientId=consumer-group_id-1, groupId=group_id] Node 1 disconnected.
2022-08-09 19:01:19.908  WARN 20100 --- [kafka-coordinator-heartbeat-thread | group_id] org.apache.kafka.clients.NetworkClient   : [Consumer clientId=consumer-group_id-1, groupId=group_id] Connection to node 1 (localhost/127.0.0.1:9092) could not be established. Broker may not be available.
2022-08-09 19:01:19.909  INFO 20100 --- [kafka-coordinator-heartbeat-thread | group_id] o.a.kafka.clients.FetchSessionHandler    : [Consumer clientId=consumer-group_id-1, groupId=group_id] Error sending fetch request (sessionId=2054797263, epoch=INITIAL) to node 1:

org.apache.kafka.common.errors.DisconnectException: null

2022-08-09 19:01:20.995  INFO 20100 --- [org.springframework.kafka.KafkaListenerEndpointContainer#0-0-C-1] org.apache.kafka.clients.NetworkClient   : [Consumer clientId=consumer-group_id-1, groupId=group_id] Node 1 disconnected.
2022-08-09 19:01:20.996  WARN 20100 --- [org.springframework.kafka.KafkaListenerEndpointContainer#0-0-C-1] org.apache.kafka.clients.NetworkClient   : [Consumer clientId=consumer-group_id-1, groupId=group_id] Connection to node 1 (localhost/127.0.0.1:9092) could not be established. Broker may not be available.
2022-08-09 19:01:21.853  INFO 20100 --- [org.springframework.kafka.KafkaListenerEndpointContainer#0-0-C-1] org.apache.kafka.clients.NetworkClient   : [Consumer clientId=consumer-group_id-1, groupId=group_id] Node 1 disconnected.
2022-08-09 19:01:21.854  WARN 20100 --- [org.springframework.kafka.KafkaListenerEndpointContainer#0-0-C-1] org.apache.kafka.clients.NetworkClient   : [Consumer clientId=consumer-group_id-1, groupId=group_id] Connection to node 1 (localhost/127.0.0.1:9092) could not be established. Broker may not be available.
2022-08-09 19:01:22.698  INFO 20100 --- [org.springframework.kafka.KafkaListenerEndpointContainer#0-0-C-1] org.apache.kafka.clients.NetworkClient   : [Consumer clientId=consumer-group_id-1, groupId=group_id] Node 1 disconnected.
2022-08-09 19:01:22.699  WARN 20100 --- [org.springframework.kafka.KafkaListenerEndpointContainer#0-0-C-1] org.apache.kafka.clients.NetworkClient   : [Consumer clientId=consumer-group_id-1, groupId=group_id] Connection to node 1 (localhost/127.0.0.1:9092) could not be established. Broker may not be available.
2022-08-09 19:01:23.677  INFO 20100 --- [org.springframework.kafka.KafkaListenerEndpointContainer#0-0-C-1] org.apache.kafka.clients.NetworkClient   : [Consumer clientId=consumer-group_id-1, groupId=group_id] Node 1 disconnected.
2022-08-09 19:01:23.678  WARN 20100 --- [org.springframework.kafka.KafkaListenerEndpointContainer#0-0-C-1] org.apache.kafka.clients.NetworkClient   : [Consumer clientId=consumer-group_id-1, groupId=group_id] Connection to node 1 (localhost/127.0.0.1:9092) could not be established. Broker may not be available.
2022-08-09 19:01:24.533  INFO 20100 --- [org.springframework.kafka.KafkaListenerEndpointContainer#0-0-C-1] org.apache.kafka.clients.NetworkClient   : [Consumer clientId=consumer-group_id-1, groupId=group_id] Node 1 disconnected.
2022-08-09 19:01:24.534  WARN 20100 --- [org.springframework.kafka.KafkaListenerEndpointContainer#0-0-C-1] org.apache.kafka.clients.NetworkClient   : [Consumer clientId=consumer-group_id-1, groupId=group_id] Connection to node 1 (localhost/127.0.0.1:9092) could not be established. Broker may not be available.
2022-08-09 19:01:25.530  INFO 20100 --- [org.springframework.kafka.KafkaListenerEndpointContainer#0-0-C-1] org.apache.kafka.clients.NetworkClient   : [Consumer clientId=consumer-group_id-1, groupId=group_id] Node 1 disconnected.
2022-08-09 19:01:25.531  WARN 20100 --- [org.springframework.kafka.KafkaListenerEndpointContainer#0-0-C-1] org.apache.kafka.clients.NetworkClient   : [Consumer clientId=consumer-group_id-1, groupId=group_id] Connection to node 1 (localhost/127.0.0.1:9092) could not be established. Broker may not be available.
2022-08-09 19:01:26.509  INFO 20100 --- [org.springframework.kafka.KafkaListenerEndpointContainer#0-0-C-1] org.apache.kafka.clients.NetworkClient   : [Consumer clientId=consumer-group_id-1, groupId=group_id] Node 1 disconnected.
2022-08-09 19:01:26.518  WARN 20100 --- [org.springframework.kafka.KafkaListenerEndpointContainer#0-0-C-1] org.apache.kafka.clients.NetworkClient   : [Consumer clientId=consumer-group_id-1, groupId=group_id] Connection to node 1 (localhost/127.0.0.1:9092) could not be established. Broker may not be available.
2022-08-09 19:01:27.664  INFO 20100 --- [org.springframework.kafka.KafkaListenerEndpointContainer#0-0-C-1] org.apache.kafka.clients.NetworkClient   : [Consumer clientId=consumer-group_id-1, groupId=group_id] Node 1 disconnected.
2022-08-09 19:01:27.739  WARN 20100 --- [org.springframework.kafka.KafkaListenerEndpointContainer#0-0-C-1] org.apache.kafka.clients.NetworkClient   : [Consumer clientId=consumer-group_id-1, groupId=group_id] Connection to node 1 (localhost/127.0.0.1:9092) could not be established. Broker may not be available.
2022-08-09 19:01:28.700  INFO 20100 --- [org.springframework.kafka.KafkaListenerEndpointContainer#0-0-C-1] org.apache.kafka.clients.NetworkClient   : [Consumer clientId=consumer-group_id-1, groupId=group_id] Node 1 disconnected.
2022-08-09 19:01:28.702  WARN 20100 --- [org.springframework.kafka.KafkaListenerEndpointContainer#0-0-C-1] org.apache.kafka.clients.NetworkClient   : [Consumer clientId=consumer-group_id-1, groupId=group_id] Connection to node 1 (localhost/127.0.0.1:9092) could not be established. Broker may not be available.
2022-08-09 19:01:29.561  INFO 20100 --- [org.springframework.kafka.KafkaListenerEndpointContainer#0-0-C-1] org.apache.kafka.clients.NetworkClient   : [Consumer clientId=consumer-group_id-1, groupId=group_id] Node 1 disconnected.
2022-08-09 19:01:29.563  WARN 20100 --- [org.springframework.kafka.KafkaListenerEndpointContainer#0-0-C-1] org.apache.kafka.clients.NetworkClient   : [Consumer clientId=consumer-group_id-1, groupId=group_id] Connection to node 1 (localhost/127.0.0.1:9092) could not be established. Broker may not be available.
2022-08-09 19:01:30.464  INFO 20100 --- [org.springframework.kafka.KafkaListenerEndpointContainer#0-0-C-1] org.apache.kafka.clients.NetworkClient   : [Consumer clientId=consumer-group_id-1, groupId=group_id] Node 1 disconnected.
2022-08-09 19:01:30.495  WARN 20100 --- [org.springframework.kafka.KafkaListenerEndpointContainer#0-0-C-1] org.apache.kafka.clients.NetworkClient   : [Consumer clientId=consumer-group_id-1, groupId=group_id] Connection to node 1 (localhost/127.0.0.1:9092) could not be established. Broker may not be available.
2022-08-09 19:01:31.688  INFO 20100 --- [org.springframework.kafka.KafkaListenerEndpointContainer#0-0-C-1] org.apache.kafka.clients.NetworkClient   : [Consumer clientId=consumer-group_id-1, groupId=group_id] Node 1 disconnected.
2022-08-09 19:01:31.690  WARN 20100 --- [org.springframework.kafka.KafkaListenerEndpointContainer#0-0-C-1] org.apache.kafka.clients.NetworkClient   : [Consumer clientId=consumer-group_id-1, groupId=group_id] Connection to node 1 (localhost/127.0.0.1:9092) could not be established. Broker may not be available.
2022-08-09 19:01:32.854  INFO 20100 --- [org.springframework.kafka.KafkaListenerEndpointContainer#0-0-C-1] org.apache.kafka.clients.NetworkClient   : [Consumer clientId=consumer-group_id-1, groupId=group_id] Node 1 disconnected.
2022-08-09 19:01:32.856  WARN 20100 --- [org.springframework.kafka.KafkaListenerEndpointContainer#0-0-C-1] org.apache.kafka.clients.NetworkClient   : [Consumer clientId=consumer-group_id-1, groupId=group_id] Connection to node 1 (localhost/127.0.0.1:9092) could not be established. Broker may not be available.
2022-08-09 19:01:33.774  INFO 20100 --- [org.springframework.kafka.KafkaListenerEndpointContainer#0-0-C-1] org.apache.kafka.clients.NetworkClient   : [Consumer clientId=consumer-group_id-1, groupId=group_id] Node 1 disconnected.
2022-08-09 19:01:33.783  WARN 20100 --- [org.springframework.kafka.KafkaListenerEndpointContainer#0-0-C-1] org.apache.kafka.clients.NetworkClient   : [Consumer clientId=consumer-group_id-1, groupId=group_id] Connection to node 1 (localhost/127.0.0.1:9092) could not be established. Broker may not be available.
2022-08-09 19:01:34.707  INFO 20100 --- [org.springframework.kafka.KafkaListenerEndpointContainer#0-0-C-1] org.apache.kafka.clients.NetworkClient   : [Consumer clientId=consumer-group_id-1, groupId=group_id] Node 1 disconnected.
2022-08-09 19:01:34.709  WARN 20100 --- [org.springframework.kafka.KafkaListenerEndpointContainer#0-0-C-1] org.apache.kafka.clients.NetworkClient   : [Consumer clientId=consumer-group_id-1, groupId=group_id] Connection to node 1 (localhost/127.0.0.1:9092) could not be established. Broker may not be available.
2022-08-09 19:01:36.067  INFO 20100 --- [org.springframework.kafka.KafkaListenerEndpointContainer#0-0-C-1] org.apache.kafka.clients.NetworkClient   : [Consumer clientId=consumer-group_id-1, groupId=group_id] Node 1 disconnected.
2022-08-09 19:01:36.069  WARN 20100 --- [org.springframework.kafka.KafkaListenerEndpointContainer#0-0-C-1] org.apache.kafka.clients.NetworkClient   : [Consumer clientId=consumer-group_id-1, groupId=group_id] Connection to node 1 (localhost/127.0.0.1:9092) could not be established. Broker may not be available.
2022-08-09 19:01:37.058  INFO 20100 --- [org.springframework.kafka.KafkaListenerEndpointContainer#0-0-C-1] org.apache.kafka.clients.NetworkClient   : [Consumer clientId=consumer-group_id-1, groupId=group_id] Node 1 disconnected.
2022-08-09 19:01:37.067  WARN 20100 --- [org.springframework.kafka.KafkaListenerEndpointContainer#0-0-C-1] org.apache.kafka.clients.NetworkClient   : [Consumer clientId=consumer-group_id-1, groupId=group_id] Connection to node 1 (localhost/127.0.0.1:9092) could not be established. Broker may not be available.
2022-08-09 19:01:38.092  INFO 20100 --- [org.springframework.kafka.KafkaListenerEndpointContainer#0-0-C-1] org.apache.kafka.clients.NetworkClient   : [Consumer clientId=consumer-group_id-1, groupId=group_id] Node 1 disconnected.
2022-08-09 19:01:38.094  WARN 20100 --- [org.springframework.kafka.KafkaListenerEndpointContainer#0-0-C-1] org.apache.kafka.clients.NetworkClient   : [Consumer clientId=consumer-group_id-1, groupId=group_id] Connection to node 1 (localhost/127.0.0.1:9092) could not be established. Broker may not be available.
2022-08-09 19:01:38.812  INFO 20100 --- [org.springframework.kafka.KafkaListenerEndpointContainer#0-0-C-1] o.a.k.c.c.internals.ConsumerCoordinator  : [Consumer clientId=consumer-group_id-1, groupId=group_id] Revoke previously assigned partitions tweet-0
2022-08-09 19:01:38.834  INFO 20100 --- [org.springframework.kafka.KafkaListenerEndpointContainer#0-0-C-1] o.s.k.l.KafkaMessageListenerContainer    : group_id: partitions revoked: [tweet-0]
2022-08-09 19:01:38.852  INFO 20100 --- [org.springframework.kafka.KafkaListenerEndpointContainer#0-0-C-1] o.a.k.c.c.internals.ConsumerCoordinator  : [Consumer clientId=consumer-group_id-1, groupId=group_id] Resetting generation due to: consumer pro-actively leaving the group
2022-08-09 19:01:38.855  INFO 20100 --- [org.springframework.kafka.KafkaListenerEndpointContainer#0-0-C-1] o.a.k.c.c.internals.ConsumerCoordinator  : [Consumer clientId=consumer-group_id-1, groupId=group_id] Request joining group due to: consumer pro-actively leaving the group
2022-08-09 19:01:38.857  INFO 20100 --- [org.springframework.kafka.KafkaListenerEndpointContainer#0-0-C-1] o.a.k.clients.consumer.KafkaConsumer     : [Consumer clientId=consumer-group_id-1, groupId=group_id] Unsubscribed all topics or patterns and assigned partitions
2022-08-09 19:01:38.872  INFO 20100 --- [org.springframework.kafka.KafkaListenerEndpointContainer#0-0-C-1] o.a.k.c.c.internals.ConsumerCoordinator  : [Consumer clientId=consumer-group_id-1, groupId=group_id] Resetting generation due to: consumer pro-actively leaving the group
2022-08-09 19:01:38.873  INFO 20100 --- [org.springframework.kafka.KafkaListenerEndpointContainer#0-0-C-1] o.a.k.c.c.internals.ConsumerCoordinator  : [Consumer clientId=consumer-group_id-1, groupId=group_id] Request joining group due to: consumer pro-actively leaving the group
2022-08-09 19:01:38.920  INFO 20100 --- [org.springframework.kafka.KafkaListenerEndpointContainer#0-0-C-1] org.apache.kafka.common.metrics.Metrics  : Metrics scheduler closed
2022-08-09 19:01:38.922  INFO 20100 --- [org.springframework.kafka.KafkaListenerEndpointContainer#0-0-C-1] org.apache.kafka.common.metrics.Metrics  : Closing reporter org.apache.kafka.common.metrics.JmxReporter
2022-08-09 19:01:38.924  INFO 20100 --- [org.springframework.kafka.KafkaListenerEndpointContainer#0-0-C-1] org.apache.kafka.common.metrics.Metrics  : Metrics reporters closed
2022-08-09 19:01:38.986  INFO 20100 --- [org.springframework.kafka.KafkaListenerEndpointContainer#0-0-C-1] o.a.kafka.common.utils.AppInfoParser     : App info kafka.consumer for consumer-group_id-1 unregistered
2022-08-09 19:01:39.026  INFO 20100 --- [org.springframework.kafka.KafkaListenerEndpointContainer#0-0-C-1] o.s.k.l.KafkaMessageListenerContainer    : group_id: Consumer stopped
